binding_3ds_run: sdmc:/mkxp/game
[DISPLAY|INIT] a criar render targets...
[DISPLAY|INIT] top=0x80111e0 bottom=0x8011220
[DISPLAY|INIT] OK — render targets prontos
[DISPLAY] display_3ds_init OK
[GFXINIT] update bound to grph_update
[GFX] graphicsBindingInit OK
[GFX|STATE|init] frame=0 frozen=0 freeze_count=0 transition_count=0 skipped=0 watchdog=off(0/600)
[ALIAS] transition_3ds_internal e freeze_3ds_internal OK
[FIX5] load_data real registado em Kernel OK
[rand-fix] __native_rand__ registado em Kernel OK
[FIX3] __force_bitmapwrapper_tt__ registado em Kernel OK
[FIX4] __rebind_bitmapwrapper_init__ registado em Kernel OK
[marshal] load OK (971249 bytes): userdefs=0 tables=0 top_type=14
[SCRIPTS] Loading 376 scripts
[CACHE] cache de bytecode: sdmc:/mkxp/cache/
[STUBS] rgss_stubs.rb loaded
[STUBS] Regexp stub pre-carregado OK
[STUBS] ios_compat_3ds.rb loaded
[GFX] frame_rate 40 → 60
[SKIP-PATCH] Intl_Messages
[SKIP-PATCH] PluginManager
[SKIP-PATCH] Validation
[SKIP-PATCH] FileTests
[SKIP-PATCH] Game_SaveValues
[SKIP-PATCH] Game_SaveConversions
[SKIP-PATCH] Game_DependentEvents
[SKIP-PATCH] Sprite_DynamicShadows
[SKIP-PATCH] AI_Move_EffectScores
[SKIP-PATCH] AI_Move_EffectScores_Gen8
[SKIP-PATCH] Pokemon_Deprecated
[SKIP-PATCH] Player_Deprecated
[SKIP-PATCH] EBDX Wrapper Compatibility
[SKIP-PATCH] Compiler
[SKIP-PATCH] Compiler_CompilePBS
[SKIP-PATCH] Compiler_WritePBS
[SKIP-PATCH] Compiler_MapsAndEvents
[PATCH Main] loop do..end removido (177 bytes)
[SCRIPTS] Loaded 376 scripts
[marshal] load OK (930620 bytes): userdefs=0 tables=0 top_type=14
[PLUGINS] 54 plugins a carregar
[PLUGINS] plugin 'v19.1 Hotfixes' (3 scripts)
[ERROR] plugin 'v19.1 Hotfixes' / Battle bug fixes.rb: NameError: undefined method 'pbGetMoveScoreFunctionCode' for class PokeBattle_AI
  bt[0]: (unknown):0
  bt[1]: (unknown):0
[ERROR] plugin 'v19.1 Hotfixes' / Debug bug fixes.rb: NameError: undefined method 'compile_encounters' for class #<Class:Compiler>
  bt[0]: (unknown):0
  bt[1]: (unknown):0
  bt[2]: (unknown):0
[ERROR] plugin 'v19.1 Hotfixes' / Misc bug fixes.rb: SyntaxError: syntax error
[PLUGINS] plugin 'Wild Drop Items' (1 scripts)
[PLUGINS] plugin 'Water bubles' (1 scripts)
[PLUGINS] plugin 'Voltseon's Trainer Generator' (3 scripts)
[PLUGINS] plugin 'Voltseon's Pause Menu' (5 scripts)
[PLUGINS] plugin 'Voltseon's A-Star Pathfinding' (1 scripts)
[PLUGINS] plugin 'Trade Screen: DX' (1 scripts)
[PLUGINS] plugin 'Luka's Scripting Utilities' (1 scripts)
[ERROR] plugin 'Luka's Scripting Utilities' / script.rb: NameError: undefined method 'round' for class Numeric
  bt[0]: (unknown):0
  bt[1]: (unknown):0
[PLUGINS] plugin 'Tileset Rearranger' (1 scripts)
[PLUGINS] plugin 'Textbook' (1 scripts)
[PLUGINS] plugin 'Terrain Tag Side Stairs' (1 scripts)
[PLUGINS] plugin 'Spot Step Animation' (1 scripts)
[PLUGINS] plugin 'Better Speed Up' (1 scripts)
[PLUGINS] plugin 'Day-Care Checker Item' (1 scripts)
[ERROR] plugin 'Day-Care Checker Item' / Script.rb: NoMethodError: undefined method 'defined?'
  bt[0]: (unknown):0
  bt[1]: (unknown):0
  bt[2]: (unknown):0
[PLUGINS] plugin 'Random Pokemon Selector' (1 scripts)
[PLUGINS] plugin 'Quicksave' (1 scripts)
[PLUGINS] plugin 'PokéSearch' (2 scripts)
[PLUGINS] plugin 'Peti's Trainer Card' (1 scripts)
[PLUGINS] plugin 'PE Terrain Step Sounds' (1 scripts)
[PLUGINS] plugin 'Overworld Shadows EX' (1 scripts)
[PLUGINS] plugin 'Near-Universal TMs' (1 scripts)
[PLUGINS] plugin 'Name Window' (1 scripts)
[PLUGINS] plugin 'Ultimate Move Tutor' (2 scripts)
[PLUGINS] plugin 'Trade Expert' (2 scripts)
[PLUGINS] plugin 'Marin's Scripting Utilities' (1 scripts)
[ERROR] plugin 'Marin's Scripting Utilities' / script.rb: NameError: undefined method 'delete' for class #<Class:Dir>
  bt[0]: (unknown):0
  bt[1]: (unknown):0
  bt[2]: (unknown):0
[PLUGINS] plugin 'Marin's Map Exporter' (1 scripts)
[PLUGINS] plugin 'Marin's Footprints' (1 scripts)
[PLUGINS] plugin 'Modern Quest System + UI' (4 scripts)
[PLUGINS] plugin 'Modular Title Screen' (9 scripts)
[PLUGINS] plugin 'Item Find' (1 scripts)
[PLUGINS] plugin 'Gender selection (style: S/M)' (4 scripts)
[PLUGINS] SKIP 'Elite Battle: DX' (485 scripts) -- plugin partido, saltado p/ acelerar boot
[PLUGINS] plugin 'Fly Animation by KleinStudio' (1 scripts)
[PLUGINS] plugin 'Field moves usable by compatibility' (1 scripts)
[PLUGINS] plugin 'Fancy Badges' (2 scripts)
[PLUGINS] plugin 'Enhanced Jukebox' (2 scripts)
[PLUGINS] plugin 'Encounter List UI (v19)' (1 scripts)
[PLUGINS] plugin 'Following Pokemon EX' (18 scripts)
[ERROR] plugin 'Following Pokemon EX' / 003_Dialogue_Specific.rb: NoMethodError: undefined method 'defined?'
  bt[0]: (unknown):0
[ERROR] plugin 'Following Pokemon EX' / Misc.rb: NoMethodError: undefined method '__followingpkmn__pbStartOver'
  bt[0]: (unknown):0
[ERROR] plugin 'Following Pokemon EX' / Sprite.rb: NameError: undefined method 'update' for class DependentEventSprites
  bt[0]: (unknown):0
  bt[1]: (unknown):0
[ERROR] plugin 'Following Pokemon EX' / Animations.rb: NoMethodError: undefined method '__followingpkmn__pbHiddenMoveAnimation'
  bt[0]: (unknown):0
[ERROR] plugin 'Following Pokemon EX' / Compatibility.rb: NoMethodError: undefined method 'convert_files'
  bt[0]: (unknown):0
  bt[1]: (unknown):0
[ERROR] plugin 'Following Pokemon EX' / Field Moves.rb: NoMethodError: undefined method '__followingpkmn__pbEndSurf'
  bt[0]: (unknown):0
[ERROR] plugin 'Following Pokemon EX' / Refresh.rb: NoMethodError: undefined method '__followingpkmn__pbDismountBike'
  bt[0]: (unknown):0
[ERROR] plugin 'Following Pokemon EX' / Sprite Renamer.rb: NoMethodError: undefined method 'convert_files'
  bt[0]: (unknown):0
  bt[1]: (unknown):0
[PLUGINS] plugin 'EVs and IVs in Summary' (1 scripts)
[PLUGINS] plugin 'EBDX Stat Boost Overlay' (1 scripts)
[ERROR] plugin 'EBDX Stat Boost Overlay' / Script.rb: NameError: undefined method 'setUp' for class DataBoxEBDX
  bt[0]: (unknown):0
  bt[1]: (unknown):0
[PLUGINS] plugin 'Generation 5 Door Zoom Animation' (1 scripts)
[PLUGINS] plugin 'DiegoWT's Starter Selection' (2 scripts)
[PLUGINS] plugin 'Set the Controls Screen' (1 scripts)
[PLUGINS] plugin 'Clone Trainer (v19)' (1 scripts)
[PLUGINS] plugin 'BluMascs Pokeventures (v19)' (3 scripts)
[PLUGINS] plugin 'BerryPots for Essentials v19' (1 scripts)
[PLUGINS] plugin 'Bag Screen w/interactable Party' (2 scripts)
[PLUGINS] plugin 'BW Text Entry Scene' (2 scripts)
[PLUGINS] plugin 'BW Location Signposts' (2 scripts)
[PLUGINS] plugin 'Pokedex BW Style' (3 scripts)
[PLUGINS] plugin 'BW Key Items' (1 scripts)
[PLUGINS] plugin 'Auto Multi Save' (1 scripts)
[PLUGINS] plugin 'Always inside Bushes' (1 scripts)
[PLUGINS] plugin 'Advanced Pokédex' (1 scripts)
[PLUGINS] cache: 50 hits (.mrb), 55 miss (texto)
[PLUGINS] cache: 54 .mrb gerados AUTOMATICAMENTE no 3DS
[PLUGINS] >> proxima corrida sera' rapida (sem BAT)
[PLUGINS] concluido: 90 scripts OK, 15 falharam
[SPR|INIT] #1 spr_init C++ chamado: sprite=0x89e46e8 g_sprites.size=1
[SPR|SET_BMP] #1 sprite=0x89e46e8 bobj_type=20 DATA_PTR=0x8b47598 bmp=0x8b47598
[SPR|SET_BMP]   bmp OK via resolve: 4x4 tex_dirty=1
[PROBE] debug_probe.rb carregado
[SMOKE] smoke_test.rb carregado (corre no Scene_DebugIntro)
[BMP|REINIT] Bitmap MRB_TT_DATA + bmp_init rebound OK
[BMP|REINIT] BitmapWrapper MRB_TT_DATA + bmp_init rebound OK
[FIX3] Sprite#initialize re-bound para spr_init C++ OK (MRB_TT_DATA garantido)
[REBIND] Graphics.update/freeze/transition re-bound OK
[load_data] req='Data/Tilesets.rxdata' -> 'sdmc:/mkxp/game/Data/Tilesets.rxdata'
[RXCACHE] MISS 'Data/Tilesets.rxdata' -> grava apos load
[load_data] aberto (game, 1277986 bytes)
[marshal] Table#1 reconstruido: x=4400 y=1 z=1 cells=4400 (buf=8820 bytes)
[marshal] Table#2 reconstruido: x=4400 y=1 z=1 cells=4400 (buf=8820 bytes)
[marshal] Table#3 reconstruido: x=4400 y=1 z=1 cells=4400 (buf=8820 bytes)
[marshal] load OK (1277986 bytes): userdefs=153 tables=153 top_type=14
[load_data] 'Data/Tilesets.rxdata' -> Array(len=52)
[load_data]   [1] = RPG::Tileset
[load_data]   [2] = RPG::Tileset
[load_data]   [3] = RPG::Tileset
[RXCACHE] gravado 'sdmc:/mkxp/cache/rxdata/Data_Tilesets.rxdata.1277986.0.mrx' (proxima corrida le da cache)
[check_entry] globals forcados OK: $DEBUG=true $joiplay=true $MKXP=true
[check_entry] Spriteset_Map patches OK
[rand-fix] rand/oldRand redefinidos para __native_rand__ OK
[MFD] [FIX-INPUT] controlinput=0 -> Input nativo C++ ativo (override do plugin desligado)
[MFD] [PATCH] Object#method_missing universal+SuperDebug OK
[MFD] [PATCH] __dump_missing_methods__ disponivel OK
[MFD] [INPUT] Input::F6..F9/CTRL/ALT garantidos OK
[MFD] [FIX-INPUT2] Input.update reposto como no-op (poll vem de grph_update)
[MFD] [FIX-INPUT3] Input.trigger?/press?/repeat?/release? -> C++ nativo direto
[MFD] [MISSING_PATCH] Game_Map OK
[MFD] [MISSING_PATCH] Game_Player OK
[MFD] [MISSING_PATCH] Game_Character OK
[MFD] [MISSING_PATCH] Game_Event OK
[MFD] [MISSING_PATCH] Game_Screen OK
[MFD] [MISSING_PATCH] Game_System OK
[MFD] [MISSING_PATCH] Game_Temp OK
[MFD] [MISSING_PATCH] Game_CommonEvent OK
[MFD] [MISSING_PATCH] Game_DependentEvents OK
[MFD] [MISSING_PATCH] Game_Picture OK
[MFD] [MISSING_PATCH] Sprite_Character OK
[MFD] [MISSING_PATCH] Sprite_Reflection OK
[MFD] [MISSING_PATCH] Sprite_SurfBase OK
[MFD] [MISSING_PATCH] Sprite_DynamicShadows OK
[MFD] [MISSING_PATCH] Sprite_Picture OK
[MFD] [MISSING_PATCH] Sprite_Timer OK
[MFD] [MISSING_PATCH] Spriteset_Map OK
[MFD] [MISSING_PATCH] Spriteset_Global OK
[MFD] [MISSING_PATCH] Scene_Map OK
[MFD] [MISSING_PATCH] PokemonLoadScreen OK
[MFD] [MISSING_PATCH] PokemonLoad_Scene OK
[MFD] [MISSING_PATCH] Spriteset_Global OK
[MFD] [MISSING_PATCH] Scene_DebugIntro OK
[MFD] [MISSING-DET] Class#private_method_defined? cat=PREDICADO aridade=1 tipos=[Symbol] vals=[:__mkxp_orig_resolvebmp] bloco=nao ret=false
[MFD] [WSKIN] pbResolveBitmap real registado em Object (orig_disponivel=nao)
[MFD] [BMP] pbBitmap global real instalado (Object+Kernel)
[MFD] [WSKIN] MessageConfig helper de fallback OK
[MFD] [PATCH2] Game_Player direct methods OK
[MFD] [PATCH2] Game_System direct methods OK
[MFD] [PATCH2] Game_Temp direct methods OK
[MFD] [PATCH] Game_Map metodos essenciais OK
[MFD] [PATCH] Game_Map#bridge nil-guard OK
[MFD] [PATCH] Game_Player metodos surf/mov/tile OK
[MFD] [PATCH] Game_Character metodos em falta OK
[MFD] [PATCH] Object fallback global OK
[MFD] [PATCH] Scene_Map#main watchdog OK
[MFD] [PATCH] Scene_Map#update granular OK
[MFD] [PATCH] Scene_Map#createSpritesets diagnostico OK
[load_data] req='Data/regional_dexes.dat' -> 'sdmc:/mkxp/game/Data/regional_dexes.dat'
[RXCACHE] MISS 'Data/regional_dexes.dat' -> grava apos load
[load_data] aberto (game, 4093 bytes)
[marshal] load OK (4093 bytes): userdefs=0 tables=0 top_type=14
[load_data] 'Data/regional_dexes.dat' -> Array(len=1)
[load_data]   [0] = Array
[RXCACHE] gravado 'sdmc:/mkxp/cache/rxdata/Data_regional_dexes.dat.4093.0.mrx' (proxima corrida le da cache)
[MFD] [INIT] $PokemonGlobal = PokemonGlobalMetadata.new OK
[MFD] [MISSING-DET] Object#defined? cat=PREDICADO aridade=1 tipos=[Class] vals=[#<NDS::NullStub>] bloco=nao ret=false
[MFD] [PATCH] RPG::Cache @cache inicializado OK
[MFD] [PATCH] __force_bitmapwrapper_tt__ OK
[MFD] [PATCH] __rebind_bitmapwrapper_init__ OK (pre-eval)
[MFD] [PATCH] BitmapWrapper class_eval OK
[MFD] [PATCH] __rebind_bitmapwrapper_init__ OK (post-eval)
[MFD] [PATCH] pbGetTileset/pbGetAutotile OK (forcado)
[MFD] [PATCH] $game_map.events=0 (nao vazio, OK)
[MFD] [PATCH] Spriteset_Map @@viewports reinicializados (400x240)
[TEST] depois do mrb_load_string
[stubs] stubs pre-main carregados OK
[binding] respond_to: mainFunction=yes mainFunctionDebug=yes
[BMP|REINIT] Bitmap MRB_TT_DATA + bmp_init rebound OK
[BMP|REINIT] BitmapWrapper MRB_TT_DATA + bmp_init rebound OK
[FIX2] bitmapBindingReinit chamado antes do loop principal OK
[binding] calling mainFunctionDebug loop
[MFD] [MISSING-DET] Class#instance_method cat=NORMAL aridade=1 tipos=[Symbol] vals=[:initialize] bloco=nao ret=0
[MFD] [BW-DIAG] BitmapWrapper#initialize arity=-1 owner=0
[MFD] [BW-DIAG] BitmapWrapper.new(32,32) OK class=BitmapWrapper ptr=32
[loop] calling mainFunctionDebug
[MFD] [MFD] step1: MessageTypes
[MFD] [MFD] step2: PluginManager
[MFD] [MFD] step3: Compiler
[MFD] [MFD] step4: Game.initialize
[load_data] req='Data/Animations.rxdata' -> 'sdmc:/mkxp/game/Data/Animations.rxdata'
[RXCACHE] MISS 'Data/Animations.rxdata' -> grava apos load
[load_data] aberto (game, 43441 bytes)
[marshal] Table#1 reconstruido: x=1 y=8 z=1 cells=8 (buf=36 bytes)
[marshal] Table#2 reconstruido: x=1 y=8 z=1 cells=8 (buf=36 bytes)
[marshal] Table#3 reconstruido: x=1 y=8 z=1 cells=8 (buf=36 bytes)
[marshal] load OK (43441 bytes): userdefs=689 tables=667 top_type=14
[load_data] 'Data/Animations.rxdata' -> Array(len=61)
[load_data]   [1] = RPG::Animation
[load_data]   [2] = RPG::Animation
[load_data]   [3] = RPG::Animation
[RXCACHE] gravado 'sdmc:/mkxp/cache/rxdata/Data_Animations.rxdata.43441.0.mrx' (proxima corrida le da cache)
[load_data] req='Data/Tilesets.rxdata' -> 'sdmc:/mkxp/game/Data/Tilesets.rxdata'
[RXCACHE] HIT 'Data/Tilesets.rxdata'
[marshal] load OK (1277357 bytes): userdefs=0 tables=0 top_type=14
